[2025-11-26 19:39:43] Advanced download monitor started
[2025-11-26 19:39:43] Started tracking process 0: System Idle Process
[2025-11-26 19:39:43] Started tracking process 4: System
[2025-11-26 19:39:43] Started tracking process 688: chrome.exe
[2025-11-26 19:39:43] Started tracking process 764: chrome.exe
[2025-11-26 19:39:43] Started tracking process 780: chrome.exe
[2025-11-26 19:39:43] Started tracking process 1356: Code.exe
[2025-11-26 19:39:44] Started tracking process 1524: Connect.exe
[2025-11-26 19:39:44] Started tracking process 1684: Connect.exe
[2025-11-26 19:39:44] Started tracking process 2220: Code.exe
[2025-11-26 19:39:44] Started tracking process 2228: python3.11.exe
[2025-11-26 19:39:44] Started tracking process 2260: cmd.exe
[2025-11-26 19:39:44] Started tracking process 2356: chrome.exe
[2025-11-26 19:39:44] Started tracking process 2388: Connect.exe
[2025-11-26 19:39:44] Started tracking process 2528: chrome.exe
[2025-11-26 19:39:44] Started tracking process 2648: chrome.exe
[2025-11-26 19:39:44] Started tracking process 3472: msedge.exe
[2025-11-26 19:39:44] Started tracking process 3852: msedge.exe
[2025-11-26 19:39:44] Started tracking process 4000: chrome.exe
[2025-11-26 19:39:44] Started tracking process 4452: chrome.exe
[2025-11-26 19:39:44] Started tracking process 4516: msedge.exe
[2025-11-26 19:39:44] Started tracking process 4756: AnyDesk.exe
[2025-11-26 19:39:45] Started tracking process 5312: chrome.exe
[2025-11-26 19:39:45] Started tracking process 5804: MathWorksServiceHost.exe
[2025-11-26 19:39:45] Started tracking process 7256: chrome.exe
[2025-11-26 19:39:45] Started tracking process 7912: chrome.exe
[2025-11-26 19:39:45] Started tracking process 9424: ArmouryCrate.UserSessionHelper.exe
[2025-11-26 19:39:45] Started tracking process 9904: AcPowerNotification.exe
[2025-11-26 19:39:45] Started tracking process 10348: chrome.exe
[2025-11-26 19:39:45] Started tracking process 10388: chrome.exe
[2025-11-26 19:39:45] Started tracking process 10732: explorer.exe
[2025-11-26 19:39:45] Started tracking process 11052: IDMMsgHost.exe
[2025-11-26 19:39:45] Started tracking process 11300: asus_framework.exe
[2025-11-26 19:39:45] Started tracking process 11332: ArmourySocketServer.exe
[2025-11-26 19:39:45] Started tracking process 11584: cmd.exe
[2025-11-26 19:39:45] Started tracking process 11640: chrome.exe
[2025-11-26 19:39:45] Started tracking process 11936: ArmouryHtmlDebugServer.exe
[2025-11-26 19:39:45] Started tracking process 12016: chrome.exe
[2025-11-26 19:39:46] Started tracking process 13036: python3.11.exe
[2025-11-26 19:39:47] Started tracking process 13308: chrome.exe
[2025-11-26 19:39:47] Started tracking process 13344: chrome.exe
[2025-11-26 19:39:47] Started tracking process 13736: chrome.exe
[2025-11-26 19:39:47] Started tracking process 13760: OneDrive.Sync.Service.exe
[2025-11-26 19:39:47] Started tracking process 13788: SearchApp.exe
[2025-11-26 19:39:47] Started tracking process 13916: msedge.exe
[2025-11-26 19:39:47] Started tracking process 14928: chrome.exe
[2025-11-26 19:39:47] Started tracking process 15752: Notion.exe
[2025-11-26 19:39:47] Started tracking process 15868: msedge.exe
[2025-11-26 19:39:47] Started tracking process 16332: IDMan.exe
[2025-11-26 19:39:47] Started tracking process 16480: ConnectDetector.exe
[2025-11-26 19:39:47] Started tracking process 16520: Resilio Sync.exe
[2025-11-26 19:39:47] Started tracking process 16712: chrome.exe
[2025-11-26 19:39:48] Started tracking process 16772: crashpad_handler.exe
[2025-11-26 19:39:48] Started tracking process 16812: GoogleDriveFS.exe
[2025-11-26 19:39:48] Started tracking process 17080: chrome.exe
[2025-11-26 19:39:48] Started tracking process 17580: chrome.exe
[2025-11-26 19:39:48] Started tracking process 17676: python3.11.exe
[2025-11-26 19:39:48] Started tracking process 17904: msedge.exe
[2025-11-26 19:39:48] Started tracking process 18188: cmd.exe
[2025-11-26 19:39:48] Started tracking process 18368: chrome.exe
[2025-11-26 19:39:48] Started tracking process 18404: Connect.exe
[2025-11-26 19:39:48] Started tracking process 18488: chrome.exe
[2025-11-26 19:39:48] Started tracking process 18960: chrome.exe
[2025-11-26 19:39:48] Started tracking process 18988: Hiddify.exe
[2025-11-26 19:39:48] Started tracking process 19564: python.exe
[2025-11-26 19:39:48] Started tracking process 20396: Connect.exe
[2025-11-26 19:39:48] Started tracking process 20752: cmd.exe
[2025-11-26 19:39:48] Started tracking process 21112: chrome.exe
[2025-11-26 19:39:48] Started tracking process 22148: python.exe
[2025-11-26 19:39:49] Started tracking process 22944: chrome.exe
[2025-11-26 19:39:49] Started tracking process 23604: chrome.exe
[2025-11-26 19:39:49] Started tracking process 24120: Connect.exe
[2025-11-26 19:39:49] Started tracking process 24556: cmd.exe
[2025-11-26 19:39:49] Started tracking process 24688: chrome.exe
[2025-11-26 19:39:49] Started tracking process 24932: chrome.exe
[2025-11-26 19:39:49] Started tracking process 24988: Code.exe
[2025-11-26 19:39:49] Started tracking process 25512: msedge.exe
[2025-11-26 19:39:49] Started tracking process 25748: python3.11.exe
[2025-11-26 19:39:49] Started tracking process 26036: msedge.exe
[2025-11-26 19:39:49] Started tracking process 26172: Telegram.exe
[2025-11-26 19:39:49] Started tracking process 26348: chrome.exe
[2025-11-26 19:39:51] Advanced download monitor stopped
